<?xml version="1.0" encoding="utf-8"?>
<TestRun id="f3ab0bbd-cc03-4004-8f1f-6bbbca99ca57" name="@fa97ec2f0611 2022-05-24 12:58:41" xmlns="http://microsoft.com/schemas/VisualStudio/TeamTest/2010">
  <Times creation="2022-05-24T12:58:41.9291151+00:00" queuing="2022-05-24T12:58:41.9291152+00:00" start="2022-05-24T12:58:37.8843411+00:00" finish="2022-05-24T12:58:41.9424226+00:00" />
  <TestSettings name="default" id="535b4a91-f7d2-415c-a45f-5b6c07bfca4d">
    <Deployment runDeploymentRoot="_fa97ec2f0611_2022-05-24_12_58_41" />
  </TestSettings>
  <Results>
    <UnitTestResult executionId="05ad9b1a-95e9-4503-b2f4-f276d2eb3003" testId="fcd51ed7-0fdb-f9df-ac1a-10b12357f0fa" testName="WG.Uos.Adapter.Functional.Tests.UnitTest1.Test1" computerName="fa97ec2f0611" duration="00:00:01.8912487" startTime="2022-05-24T12:58:41.8141162+00:00" endTime="2022-05-24T12:58:41.8141363+00:00" testType="13cdc9d9-ddb5-4fa4-a97d-d965ccfc6d4b" outcome="Passed" testListId="8c84fa94-04c1-424b-9868-57a2d4851a1d" relativeResultsDirectory="05ad9b1a-95e9-4503-b2f4-f276d2eb3003" />
  </Results>
  <TestDefinitions>
    <UnitTest name="WG.Uos.Adapter.Functional.Tests.UnitTest1.Test1" storage="/app/bin/debug/net6.0/wg.uos.adapter.functional.tests.dll" id="fcd51ed7-0fdb-f9df-ac1a-10b12357f0fa">
      <Execution id="05ad9b1a-95e9-4503-b2f4-f276d2eb3003" />
      <TestMethod codeBase="/app/bin/Debug/net6.0/WG.Uos.Adapter.Functional.Tests.dll" adapterTypeName="executor://xunit/VsTestRunner2/netcoreapp" className="WG.Uos.Adapter.Functional.Tests.UnitTest1" name="Test1" />
    </UnitTest>
  </TestDefinitions>
  <TestEntries>
    <TestEntry testId="fcd51ed7-0fdb-f9df-ac1a-10b12357f0fa" executionId="05ad9b1a-95e9-4503-b2f4-f276d2eb3003" testListId="8c84fa94-04c1-424b-9868-57a2d4851a1d" />
  </TestEntries>
  <TestLists>
    <TestList name="Results Not in a List" id="8c84fa94-04c1-424b-9868-57a2d4851a1d" />
    <TestList name="All Loaded Results" id="19431567-8539-422a-85d7-44ee4e166bda" />
  </TestLists>
  <ResultSummary outcome="Completed">
    <Counters total="1" executed="1" passed="1" failed="0" error="0" timeout="0" aborted="0" inconclusive="0" passedButRunAborted="0" notRunnable="0" notExecuted="0" disconnected="0" warning="0" completed="0" inProgress="0" pending="0" />
    <Output>
      <StdOut>[xUnit.net 00:00:00.00] xUnit.net VSTest Adapter v2.4.3+1b45f5407b (64-bit .NET 6.0.5)
[xUnit.net 00:00:01.17]   Discovering: WG.Uos.Adapter.Functional.Tests
[xUnit.net 00:00:01.22]   Discovered:  WG.Uos.Adapter.Functional.Tests
[xUnit.net 00:00:01.22]   Starting:    WG.Uos.Adapter.Functional.Tests
[xUnit.net 00:00:03.46]   Finished:    WG.Uos.Adapter.Functional.Tests
</StdOut>
    </Output>
  </ResultSummary>
</TestRun>